<?xml version="1.0" encoding="UTF-8"?><testrun name="RunnerTest" project="SuperdrugTest" tests="2" started="2" failures="0" errors="2" ignored="0">
  <testsuite name="runners.RunnerTest" time="0.304">
    <testsuite name="Feature: Login functionality" time="0.304">
      <testsuite name="Scenario: Verify login" time="0.304" incomplete="true">
        <error>org.openqa.selenium.InvalidSelectorException: Given css selector expression "body &gt; div.page &gt; header &gt; div &gt; nav &gt; div.rd-navbar-inner &gt; div &gt; a;" is invalid: InvalidSelectorError: Document.querySelector: 'body &gt; div.page &gt; header &gt; div &gt; nav &gt; div.rd-navbar-inner &gt; div &gt; a;' is not a valid selector: "body &gt; div.page &gt; header &gt; div &gt; nav &gt; div.rd-navbar-inner &gt; div &gt; a;"
For documentation on this error, please visit: https://www.seleniumhq.org/exceptions/invalid_selector_exception.html
Build info: version: '3.141.59', revision: 'e82be7d358', time: '2018-11-14T08:17:03'
System info: host: 'DESKTOP-21UQBO2', ip: '192.168.0.12', os.name: 'Windows 10', os.arch: 'amd64', os.version: '10.0', java.version: '11.0.10'
Driver info: org.openqa.selenium.firefox.FirefoxDriver
Capabilities {acceptInsecureCerts: true, browserName: firefox, browserVersion: 87.0, javascriptEnabled: true, moz:accessibilityChecks: false, moz:buildID: 20210318103112, moz:geckodriverVersion: 0.29.0, moz:headless: false, moz:processID: 17812, moz:profile: C:\Users\jksri\AppData\Loca..., moz:shutdownTimeout: 60000, moz:useNonSpecCompliantPointerOrigin: false, moz:webdriverClick: true, pageLoadStrategy: normal, platform: WINDOWS, platformName: WINDOWS, platformVersion: 10.0, rotatable: false, setWindowRect: true, strictFileInteractability: false, timeouts: {implicit: 0, pageLoad: 300000, script: 30000}, unhandledPromptBehavior: dismiss and notify}
Session ID: 3870e916-4837-40e9-afa3-ef12a6955d03
*** Element info: {Using=css selector, value=body &gt; div.page &gt; header &gt; div &gt; nav &gt; div.rd-navbar-inner &gt; div &gt; a;}&#13;
	at java.base/jdk.internal.reflect.NativeConstructorAccessorImpl.newInstance0(Native Method)&#13;
	at java.base/jdk.internal.reflect.NativeConstructorAccessorImpl.newInstance(NativeConstructorAccessorImpl.java:62)&#13;
	at java.base/jdk.internal.reflect.DelegatingConstructorAccessorImpl.newInstance(DelegatingConstructorAccessorImpl.java:45)&#13;
	at java.base/java.lang.reflect.Constructor.newInstance(Constructor.java:490)&#13;
	at org.openqa.selenium.remote.http.W3CHttpResponseCodec.createException(W3CHttpResponseCodec.java:187)&#13;
	at org.openqa.selenium.remote.http.W3CHttpResponseCodec.decode(W3CHttpResponseCodec.java:122)&#13;
	at org.openqa.selenium.remote.http.W3CHttpResponseCodec.decode(W3CHttpResponseCodec.java:49)&#13;
	at org.openqa.selenium.remote.HttpCommandExecutor.execute(HttpCommandExecutor.java:158)&#13;
	at org.openqa.selenium.remote.service.DriverCommandExecutor.execute(DriverCommandExecutor.java:83)&#13;
	at org.openqa.selenium.remote.RemoteWebDriver.execute(RemoteWebDriver.java:552)&#13;
	at org.openqa.selenium.remote.RemoteWebDriver.findElement(RemoteWebDriver.java:323)&#13;
	at org.openqa.selenium.remote.RemoteWebDriver.findElementByCssSelector(RemoteWebDriver.java:420)&#13;
	at org.openqa.selenium.By$ByCssSelector.findElement(By.java:431)&#13;
	at org.openqa.selenium.remote.RemoteWebDriver.findElement(RemoteWebDriver.java:315)&#13;
	at pages.LoginPages.clickLoginBttn(LoginPages.java:19)&#13;
	at stepDefinition.LoginSteps.clickonLoginbttn(LoginSteps.java:26)&#13;
	at ✽.When I click on login button(Login.feature:4)&#13;
&#13;
</error>
        <testcase name="Given Open application" classname="Scenario: Verify login" time="0.001"/>
        <testcase name="When I click on login button" classname="Scenario: Verify login" time="0.011">
          <error>org.openqa.selenium.InvalidSelectorException: Given css selector expression "body &gt; div.page &gt; header &gt; div &gt; nav &gt; div.rd-navbar-inner &gt; div &gt; a;" is invalid: InvalidSelectorError: Document.querySelector: 'body &gt; div.page &gt; header &gt; div &gt; nav &gt; div.rd-navbar-inner &gt; div &gt; a;' is not a valid selector: "body &gt; div.page &gt; header &gt; div &gt; nav &gt; div.rd-navbar-inner &gt; div &gt; a;"
For documentation on this error, please visit: https://www.seleniumhq.org/exceptions/invalid_selector_exception.html
Build info: version: '3.141.59', revision: 'e82be7d358', time: '2018-11-14T08:17:03'
System info: host: 'DESKTOP-21UQBO2', ip: '192.168.0.12', os.name: 'Windows 10', os.arch: 'amd64', os.version: '10.0', java.version: '11.0.10'
Driver info: org.openqa.selenium.firefox.FirefoxDriver
Capabilities {acceptInsecureCerts: true, browserName: firefox, browserVersion: 87.0, javascriptEnabled: true, moz:accessibilityChecks: false, moz:buildID: 20210318103112, moz:geckodriverVersion: 0.29.0, moz:headless: false, moz:processID: 17812, moz:profile: C:\Users\jksri\AppData\Loca..., moz:shutdownTimeout: 60000, moz:useNonSpecCompliantPointerOrigin: false, moz:webdriverClick: true, pageLoadStrategy: normal, platform: WINDOWS, platformName: WINDOWS, platformVersion: 10.0, rotatable: false, setWindowRect: true, strictFileInteractability: false, timeouts: {implicit: 0, pageLoad: 300000, script: 30000}, unhandledPromptBehavior: dismiss and notify}
Session ID: 3870e916-4837-40e9-afa3-ef12a6955d03
*** Element info: {Using=css selector, value=body &gt; div.page &gt; header &gt; div &gt; nav &gt; div.rd-navbar-inner &gt; div &gt; a;}&#13;
	at java.base/jdk.internal.reflect.NativeConstructorAccessorImpl.newInstance0(Native Method)&#13;
	at java.base/jdk.internal.reflect.NativeConstructorAccessorImpl.newInstance(NativeConstructorAccessorImpl.java:62)&#13;
	at java.base/jdk.internal.reflect.DelegatingConstructorAccessorImpl.newInstance(DelegatingConstructorAccessorImpl.java:45)&#13;
	at java.base/java.lang.reflect.Constructor.newInstance(Constructor.java:490)&#13;
	at org.openqa.selenium.remote.http.W3CHttpResponseCodec.createException(W3CHttpResponseCodec.java:187)&#13;
	at org.openqa.selenium.remote.http.W3CHttpResponseCodec.decode(W3CHttpResponseCodec.java:122)&#13;
	at org.openqa.selenium.remote.http.W3CHttpResponseCodec.decode(W3CHttpResponseCodec.java:49)&#13;
	at org.openqa.selenium.remote.HttpCommandExecutor.execute(HttpCommandExecutor.java:158)&#13;
	at org.openqa.selenium.remote.service.DriverCommandExecutor.execute(DriverCommandExecutor.java:83)&#13;
	at org.openqa.selenium.remote.RemoteWebDriver.execute(RemoteWebDriver.java:552)&#13;
	at org.openqa.selenium.remote.RemoteWebDriver.findElement(RemoteWebDriver.java:323)&#13;
	at org.openqa.selenium.remote.RemoteWebDriver.findElementByCssSelector(RemoteWebDriver.java:420)&#13;
	at org.openqa.selenium.By$ByCssSelector.findElement(By.java:431)&#13;
	at org.openqa.selenium.remote.RemoteWebDriver.findElement(RemoteWebDriver.java:315)&#13;
	at pages.LoginPages.clickLoginBttn(LoginPages.java:19)&#13;
	at stepDefinition.LoginSteps.clickonLoginbttn(LoginSteps.java:26)&#13;
	at ✽.When I click on login button(Login.feature:4)&#13;
&#13;
</error>
        </testcase>
      </testsuite>
    </testsuite>
  </testsuite>
</testrun>
